Station information file for Bernese GNSS Software 5.2          07-01-2025 04:04
--------------------------------------------------------------------------------

FORMAT VERSION: 1.01
TECHNIQUE:      GNSS

TYPE 001: RENAMING OF STATIONS
------------------------------

STATION NAME          FLG          FROM                   TO         OLD STATION NAME      REMARK
****************      ***  YYYY MM DD HH MM SS  YYYY MM DD HH MM SS  ********************  ************************


TYPE 002: STATION INFORMATION
-----------------------------

STATION NAME          FLG          FROM                   TO         RECEIVER TYPE         RECEIVER SERIAL NBR   REC #   ANTENNA TYPE          ANTENNA SERIAL NBR    ANT #    NORTH      EAST      UP      DESCRIPTION             REMARK
****************      ***  YYYY MM DD HH MM SS  YYYY MM DD HH MM SS  ********************  ********************  ******  ********************  ********************  ******  ***.****  ***.****  ***.****  **********************  ************************


TYPE 003: HANDLING OF STATION PROBLEMS
--------------------------------------

STATION NAME          FLG          FROM                   TO         REMARK
****************      ***  YYYY MM DD HH MM SS  YYYY MM DD HH MM SS  ************************************************************
SKE0 10426M001        001  2019 04 09 00 00 00  2019 04 14 23 59 59  Receiver connected to a wrong antenna
OUL2 10519M002        001  2021 08 19 00 00 00  2021 08 19 23 59 59
ZPRS 18102M001        001  2022 12 02 00 00 00  2022 12 07 23 59 59
ZPRS 18102M001        001  2022 12 18 00 00 00  2022 12 22 23 59 59


TYPE 004: STATION COORDINATES AND VELOCITIES (ADDNEQ)
-----------------------------------------------------
                                            RELATIVE CONSTR. POSITION     RELATIVE CONSTR. VELOCITY
STATION NAME 1        STATION NAME 2        NORTH     EAST      UP        NORTH     EAST      UP
****************      ****************      **.*****  **.*****  **.*****  **.*****  **.*****  **.*****


TYPE 005: HANDLING STATION TYPES
--------------------------------

STATION NAME          FLG  FROM                 TO                   MARKER TYPE           REMARK
****************      ***  YYYY MM DD HH MM SS  YYYY MM DD HH MM SS  ********************  ************************


